[0.013s] Invoking command in '/home/alvaro/Desktop/workspace/ros_ur_driver/build/ur_dashboard_msgs': CMAKE_PREFIX_PATH=${CMAKE_PREFIX_PATH}:/home/alvaro/Desktop/workspace/install/data_logger:/home/alvaro/ros2_ws_copia/install/my_robot_controller:/home/alvaro/ros2_ws_copia/install/movimiento_articular:/home/alvaro/ros2_ws_copia/install/data_logger:/home/alvaro/ros2_ws/install/my_robot_controller:/opt/ros/humble /usr/bin/cmake /home/alvaro/Desktop/workspace/ros_ur_driver/src/Universal_Robots_ROS2_Driver/ur_dashboard_msgs -DCMAKE_BUILD_TYPE=Release -DCMAKE_INSTALL_PREFIX=/home/alvaro/Desktop/workspace/ros_ur_driver/install/ur_dashboard_msgs
[0.072s] -- The C compiler identification is GNU 11.4.0
[0.121s] -- The CXX compiler identification is GNU 11.4.0
[0.130s] -- Detecting C compiler ABI info
[0.195s] -- Detecting C compiler ABI info - done
[0.204s] -- Check for working C compiler: /usr/bin/cc - skipped
[0.204s] -- Detecting C compile features
[0.205s] -- Detecting C compile features - done
[0.208s] -- Detecting CXX compiler ABI info
[0.279s] -- Detecting CXX compiler ABI info - done
[0.287s] -- Check for working CXX compiler: /usr/bin/c++ - skipped
[0.288s] -- Detecting CXX compile features
[0.288s] -- Detecting CXX compile features - done
[0.291s] -- Found ament_cmake: 1.3.8 (/opt/ros/humble/share/ament_cmake/cmake)
[0.448s] -- Found Python3: /usr/bin/python3 (found version "3.10.12") found components: Interpreter 
[0.556s] -- Found rosidl_default_generators: 1.2.0 (/opt/ros/humble/share/rosidl_default_generators/cmake)
[0.562s] -- Using all available rosidl_typesupport_c: rosidl_typesupport_fastrtps_c;rosidl_typesupport_introspection_c
[0.571s] -- Found rosidl_adapter: 3.1.5 (/opt/ros/humble/share/rosidl_adapter/cmake)
[0.618s] -- Using all available rosidl_typesupport_cpp: rosidl_typesupport_fastrtps_cpp;rosidl_typesupport_introspection_cpp
[0.664s] -- Found action_msgs: 1.2.1 (/opt/ros/humble/share/action_msgs/cmake)
[1.107s] -- Found ament_cmake_ros: 0.10.0 (/opt/ros/humble/share/ament_cmake_ros/cmake)
[1.414s] -- Using all available rosidl_typesupport_c: rosidl_typesupport_fastrtps_c;rosidl_typesupport_introspection_c
[1.714s] -- Using all available rosidl_typesupport_cpp: rosidl_typesupport_fastrtps_cpp;rosidl_typesupport_introspection_cpp
[1.742s] -- Found PythonInterp: /usr/bin/python3 (found suitable version "3.10.12", minimum required is "3.6") 
[1.745s] -- Found python_cmake_module: 0.10.0 (/opt/ros/humble/share/python_cmake_module/cmake)
[1.774s] -- Found PythonLibs: /usr/lib/x86_64-linux-gnu/libpython3.10.so (found suitable version "3.10.12", minimum required is "3.5") 
[1.774s] -- Using PYTHON_EXECUTABLE: /usr/bin/python3
[1.774s] -- Using PYTHON_INCLUDE_DIRS: /usr/include/python3.10
[1.774s] -- Using PYTHON_LIBRARIES: /usr/lib/x86_64-linux-gnu/libpython3.10.so
[1.798s] -- Found PythonExtra: .so  
[1.872s] -- Configuring done
[1.939s] -- Generating done
[1.941s] -- Build files have been written to: /home/alvaro/Desktop/workspace/ros_ur_driver/build/ur_dashboard_msgs
[1.948s] Invoked command in '/home/alvaro/Desktop/workspace/ros_ur_driver/build/ur_dashboard_msgs' returned '0': CMAKE_PREFIX_PATH=${CMAKE_PREFIX_PATH}:/home/alvaro/Desktop/workspace/install/data_logger:/home/alvaro/ros2_ws_copia/install/my_robot_controller:/home/alvaro/ros2_ws_copia/install/movimiento_articular:/home/alvaro/ros2_ws_copia/install/data_logger:/home/alvaro/ros2_ws/install/my_robot_controller:/opt/ros/humble /usr/bin/cmake /home/alvaro/Desktop/workspace/ros_ur_driver/src/Universal_Robots_ROS2_Driver/ur_dashboard_msgs -DCMAKE_BUILD_TYPE=Release -DCMAKE_INSTALL_PREFIX=/home/alvaro/Desktop/workspace/ros_ur_driver/install/ur_dashboard_msgs
[1.950s] Invoking command in '/home/alvaro/Desktop/workspace/ros_ur_driver/build/ur_dashboard_msgs': CMAKE_PREFIX_PATH=${CMAKE_PREFIX_PATH}:/home/alvaro/Desktop/workspace/install/data_logger:/home/alvaro/ros2_ws_copia/install/my_robot_controller:/home/alvaro/ros2_ws_copia/install/movimiento_articular:/home/alvaro/ros2_ws_copia/install/data_logger:/home/alvaro/ros2_ws/install/my_robot_controller:/opt/ros/humble /usr/bin/cmake --build /home/alvaro/Desktop/workspace/ros_ur_driver/build/ur_dashboard_msgs -- -j8 -l8
[1.994s] [  1%] [34m[1mGenerating C code for ROS interfaces[0m
[2.000s] [  1%] [34m[1mGenerating C++ code for ROS interfaces[0m
[2.015s] [  1%] Built target ament_cmake_python_copy_ur_dashboard_msgs
[2.423s] running egg_info
[2.424s] creating ur_dashboard_msgs.egg-info
[2.424s] writing ur_dashboard_msgs.egg-info/PKG-INFO
[2.424s] writing dependency_links to ur_dashboard_msgs.egg-info/dependency_links.txt
[2.425s] writing top-level names to ur_dashboard_msgs.egg-info/top_level.txt
[2.425s] writing manifest file 'ur_dashboard_msgs.egg-info/SOURCES.txt'
[2.428s] reading manifest file 'ur_dashboard_msgs.egg-info/SOURCES.txt'
[2.428s] writing manifest file 'ur_dashboard_msgs.egg-info/SOURCES.txt'
[2.470s] [  1%] Built target ament_cmake_python_build_ur_dashboard_msgs_egg
[2.624s] Traceback (most recent call last):
[2.624s] Traceback (most recent call last):
[2.625s]   File "/opt/ros/humble/share/rosidl_generator_c/cmake/../../../lib/rosidl_generator_c/rosidl_generator_c", line 38, in <module>
[2.625s]   File "/opt/ros/humble/share/rosidl_generator_cpp/cmake/../../../lib/rosidl_generator_cpp/rosidl_generator_cpp", line 38, in <module>
[2.625s] gmake[2]: *** Deleting file 'rosidl_generator_cpp/ur_dashboard_msgs/msg/program_state.hpp'
[2.625s] gmake[2]: *** Deleting file 'rosidl_generator_c/ur_dashboard_msgs/msg/program_state.h'
[2.625s]     sys.exit(main())
[2.625s]     sys.exit(main())
[2.625s]   File "/opt/ros/humble/share/rosidl_generator_c/cmake/../../../lib/rosidl_generator_c/rosidl_generator_c", line 34, in main
[2.625s]   File "/opt/ros/humble/share/rosidl_generator_cpp/cmake/../../../lib/rosidl_generator_cpp/rosidl_generator_cpp", line 34, in main
[2.625s]     generate_c(args.generator_arguments_file)
[2.625s]     generate_cpp(args.generator_arguments_file)
[2.625s]   File "/opt/ros/humble/local/lib/python3.10/dist-packages/rosidl_generator_c/__init__.py", line 37, in generate_c
[2.625s]   File "/opt/ros/humble/local/lib/python3.10/dist-packages/rosidl_generator_cpp/__init__.py", line 38, in generate_cpp
[2.625s]     return generate_files(
[2.625s]     return generate_files(
[2.625s]   File "/opt/ros/humble/local/lib/python3.10/dist-packages/rosidl_cmake/__init__.py", line 87, in generate_files
[2.625s]   File "/opt/ros/humble/local/lib/python3.10/dist-packages/rosidl_cmake/__init__.py", line 87, in generate_files
[2.626s]     expand_template(
[2.626s]     expand_template(
[2.626s]   File "/opt/ros/humble/local/lib/python3.10/dist-packages/rosidl_cmake/__init__.py", line 149, in expand_template
[2.626s]   File "/opt/ros/humble/local/lib/python3.10/dist-packages/rosidl_cmake/__init__.py", line 149, in expand_template
[2.626s]     interpreter.string(template_content, template_path, locals=data)
[2.626s]   File "/usr/lib/python3/dist-packages/em.py", line 2391, in string
[2.626s]     interpreter.string(template_content, template_path, locals=data)
[2.626s]   File "/usr/lib/python3/dist-packages/em.py", line 2391, in string
[2.630s]     self.safe(scanner, True, locals)
[2.630s]     self.safe(scanner, True, locals)
[2.630s]   File "/usr/lib/python3/dist-packages/em.py", line 2401, in safe
[2.630s]   File "/usr/lib/python3/dist-packages/em.py", line 2401, in safe
[2.630s]     self.parse(scanner, locals)
[2.631s]     self.parse(scanner, locals)
[2.631s]   File "/usr/lib/python3/dist-packages/em.py", line 2421, in parse
[2.631s]   File "/usr/lib/python3/dist-packages/em.py", line 2421, in parse
[2.631s]     token.run(self, locals)
[2.631s]   File "/usr/lib/python3/dist-packages/em.py", line 1547, in run
[2.631s]     token.run(self, locals)
[2.631s]   File "/usr/lib/python3/dist-packages/em.py", line 1547, in run
[2.632s]     self.subrun(info[0][1], interpreter, locals)
[2.632s]   File "/usr/lib/python3/dist-packages/em.py", line 1631, in subrun
[2.632s]     self.subrun(info[0][1], interpreter, locals)
[2.632s]   File "/usr/lib/python3/dist-packages/em.py", line 1631, in subrun
[2.632s]     token.run(interpreter, locals)
[2.633s]   File "/usr/lib/python3/dist-packages/em.py", line 1425, in run
[2.633s]     token.run(interpreter, locals)
[2.633s]   File "/usr/lib/python3/dist-packages/em.py", line 1425, in run
[2.633s]     interpreter.execute(self.code, locals)
[2.633s]   File "/usr/lib/python3/dist-packages/em.py", line 2596, in execute
[2.633s]     interpreter.execute(self.code, locals)
[2.633s]   File "/usr/lib/python3/dist-packages/em.py", line 2596, in execute
[2.634s]     _exec(statements, self.globals, locals)
[2.634s]   File "<string>", line 2, in <module>
[2.634s]     _exec(statements, self.globals, locals)
[2.635s]   File "<string>", line 3, in <module>
[2.635s]   File "/opt/ros/humble/local/lib/python3.10/dist-packages/rosidl_cmake/__init__.py", line 198, in _expand_template
[2.635s]   File "/opt/ros/humble/local/lib/python3.10/dist-packages/rosidl_cmake/__init__.py", line 198, in _expand_template
[2.635s]     interpreter.string(content, str(template_path), kwargs)
[2.635s]     interpreter.string(content, str(template_path), kwargs)
[2.635s]   File "/usr/lib/python3/dist-packages/em.py", line 2391, in string
[2.636s]   File "/usr/lib/python3/dist-packages/em.py", line 2391, in string
[2.636s]     self.safe(scanner, True, locals)
[2.636s]   File "/usr/lib/python3/dist-packages/em.py", line 2401, in safe
[2.636s]     self.safe(scanner, True, locals)
[2.636s]   File "/usr/lib/python3/dist-packages/em.py", line 2401, in safe
[2.637s]     self.parse(scanner, locals)
[2.637s]   File "/usr/lib/python3/dist-packages/em.py", line 2417, in parse
[2.637s]     self.parse(scanner, locals)
[2.637s]   File "/usr/lib/python3/dist-packages/em.py", line 2421, in parse
[2.638s]     token = scanner.one()
[2.638s]   File "/usr/lib/python3/dist-packages/em.py", line 1984, in one
[2.638s]     token.run(self, locals)
[2.638s]   File "/usr/lib/python3/dist-packages/em.py", line 1425, in run
[2.638s]     interpreter.execute(self.code, locals)
[2.638s]   File "/usr/lib/python3/dist-packages/em.py", line 2596, in execute
[2.639s]     token.scan(self)
[2.639s]   File "/usr/lib/python3/dist-packages/em.py", line 1421, in scan
[2.639s]     i = scanner.complex('{', '}', 0)
[2.639s]   File "/usr/lib/python3/dist-packages/em.py", line 1902, in complex
[2.639s]     _exec(statements, self.globals, locals)
[2.639s]   File "<string>", line 2, in <module>
[2.639s]   File "/opt/ros/humble/local/lib/python3.10/dist-packages/rosidl_cmake/__init__.py", line 198, in _expand_template
[2.639s]     if quote:
[2.640s] KeyboardInterrupt
[2.640s]     interpreter.string(content, str(template_path), kwargs)
[2.640s]   File "/usr/lib/python3/dist-packages/em.py", line 2391, in string
[2.640s]     self.safe(scanner, True, locals)
[2.640s]   File "/usr/lib/python3/dist-packages/em.py", line 2401, in safe
[2.640s]     self.parse(scanner, locals)
[2.640s]   File "/usr/lib/python3/dist-packages/em.py", line 2417, in parse
[2.640s]     token = scanner.one()
[2.640s]   File "/usr/lib/python3/dist-packages/em.py", line 1984, in one
[2.641s]     token.scan(self)
[2.641s]   File "/usr/lib/python3/dist-packages/em.py", line 1468, in scan
[2.641s]     self.subscan(scanner, self.type)
[2.641s]   File "/usr/lib/python3/dist-packages/em.py", line 1483, in subscan
[2.641s]     token = scanner.one()
[2.641s]   File "/usr/lib/python3/dist-packages/em.py", line 1984, in one
[2.641s]     token.scan(self)
[2.641s]   File "/usr/lib/python3/dist-packages/em.py", line 1468, in scan
[2.641s]     self.subscan(scanner, self.type)
[2.642s]   File "/usr/lib/python3/dist-packages/em.py", line 1483, in subscan
[2.642s]     token = scanner.one()
[2.642s]   File "/usr/lib/python3/dist-packages/em.py", line 1975, in one
[2.642s]     if firsts is None:
[2.642s] KeyboardInterrupt
[2.653s] Exception ignored in: <function Interpreter.__del__ at 0x7efce8116d40>
[2.653s] Exception ignored in: <function Interpreter.__del__ at 0x7f1e0420ef80>
[2.653s] Traceback (most recent call last):
[2.653s] Traceback (most recent call last):
[2.653s]   File "/usr/lib/python3/dist-packages/em.py", line 2094, in __del__
[2.653s]   File "/usr/lib/python3/dist-packages/em.py", line 2094, in __del__
[2.654s]   File "/usr/lib/python3/dist-packages/em.py", line 2157, in shutdown
[2.654s]   File "/usr/lib/python3/dist-packages/em.py", line 2157, in shutdown
[2.654s]   File "/usr/lib/python3/dist-packages/em.py", line 2647, in finalize
[2.654s]   File "/usr/lib/python3/dist-packages/em.py", line 2647, in finalize
[2.654s]   File "/usr/lib/python3/dist-packages/em.py", line 2200, in push
[2.654s]   File "/usr/lib/python3/dist-packages/em.py", line 2200, in push
[2.654s] AttributeError: '_io.TextIOWrapper' object has no attribute 'push'
[2.654s] AttributeError: '_io.TextIOWrapper' object has no attribute 'push'
[2.664s] gmake[2]: *** [CMakeFiles/ur_dashboard_msgs__cpp.dir/build.make:163: rosidl_generator_cpp/ur_dashboard_msgs/msg/program_state.hpp] Interrupt
[2.664s] gmake[1]: *** [CMakeFiles/Makefile2:317: CMakeFiles/ur_dashboard_msgs__cpp.dir/all] Interrupt
[2.665s] gmake[2]: *** [CMakeFiles/ur_dashboard_msgs__rosidl_generator_c.dir/build.make:107: rosidl_generator_c/ur_dashboard_msgs/msg/program_state.h] Interrupt
[2.666s] gmake[1]: *** [CMakeFiles/Makefile2:212: CMakeFiles/ur_dashboard_msgs__rosidl_generator_c.dir/all] Interrupt
[2.666s] gmake: *** [Makefile:146: all] Interrupt
[2.668s] Invoked command in '/home/alvaro/Desktop/workspace/ros_ur_driver/build/ur_dashboard_msgs' returned '-2': CMAKE_PREFIX_PATH=${CMAKE_PREFIX_PATH}:/home/alvaro/Desktop/workspace/install/data_logger:/home/alvaro/ros2_ws_copia/install/my_robot_controller:/home/alvaro/ros2_ws_copia/install/movimiento_articular:/home/alvaro/ros2_ws_copia/install/data_logger:/home/alvaro/ros2_ws/install/my_robot_controller:/opt/ros/humble /usr/bin/cmake --build /home/alvaro/Desktop/workspace/ros_ur_driver/build/ur_dashboard_msgs -- -j8 -l8
